<?xml version="1.0" encoding="UTF-8"?>
<!-- Generated by org.testng.reporters.JUnitXMLReporter -->
<testsuite ignored="9" hostname="DESKTOP-J77L1O0" failures="0" tests="1" name="Default test" time="5.001" errors="0" timestamp="2022-07-27T14:56:28 IST">
  <testcase classname="Spotify.SpotifyAPIs.SpotifyAPITest" name="test_get_current_users_profile" time="4.918"/>
  <testcase classname="Spotify.SpotifyAPIs.SpotifyAPITest" name="change_playlist_name" time="0.0">
    <ignored/>
  </testcase> <!-- change_playlist_name -->
  <testcase classname="Spotify.SpotifyAPIs.SpotifyAPITest" name="get_playlist_cover_image" time="0.0">
    <ignored/>
  </testcase> <!-- get_playlist_cover_image -->
  <testcase classname="Spotify.SpotifyAPIs.SpotifyAPITest" name="get_playlist" time="0.0">
    <ignored/>
  </testcase> <!-- get_playlist -->
  <testcase classname="Spotify.SpotifyAPIs.SpotifyAPITest" name="getListOfUsersPlaylist" time="0.0">
    <ignored/>
  </testcase> <!-- getListOfUsersPlaylist -->
  <testcase classname="Spotify.SpotifyAPIs.SpotifyAPITest" name="test_get_user_profile" time="0.0">
    <ignored/>
  </testcase> <!-- test_get_user_profile -->
  <testcase classname="Spotify.SpotifyAPIs.SpotifyAPITest" name="test_add_item_to_playlist" time="0.0">
    <ignored/>
  </testcase> <!-- test_add_item_to_playlist -->
  <testcase classname="Spotify.SpotifyAPIs.SpotifyAPITest" name="test_create_playlist" time="0.0">
    <ignored/>
  </testcase> <!-- test_create_playlist -->
  <testcase classname="Spotify.SpotifyAPIs.SpotifyAPITest" name="test_remove_item_from_playlist" time="0.0">
    <ignored/>
  </testcase> <!-- test_remove_item_from_playlist -->
  <testcase classname="Spotify.SpotifyAPIs.SpotifyAPITest" name="test_get_current_user_playlist" time="0.0">
    <ignored/>
  </testcase> <!-- test_get_current_user_playlist -->
</testsuite> <!-- Default test -->
