<?xml version="1.0" encoding="UTF-8"?>
<testng-results ignored="9" total="10" passed="1" failed="0" skipped="0">
  <reporter-output>
  </reporter-output>
  <suite started-at="2022-07-27T14:56:23 IST" name="Default suite" finished-at="2022-07-27T14:56:28 IST" duration-ms="5001">
    <groups>
    </groups>
    <test started-at="2022-07-27T14:56:23 IST" name="Default test" finished-at="2022-07-27T14:56:28 IST" duration-ms="5001">
      <class name="Spotify.SpotifyAPIs.SpotifyAPITest">
        <test-method signature="test_get_current_users_profile()[pri:0, instance:Spotify.SpotifyAPIs.SpotifyAPITest@2a54a73f]" started-at="2022-07-27T14:56:23 IST" name="test_get_current_users_profile" finished-at="2022-07-27T14:56:28 IST" duration-ms="4918" status="PASS">
          <reporter-output>
          </reporter-output>
        </test-method> <!-- test_get_current_users_profile -->
      </class> <!-- Spotify.SpotifyAPIs.SpotifyAPITest -->
    </test> <!-- Default test -->
  </suite> <!-- Default suite -->
</testng-results>
